[    0.000000] Linux version 4.15.0-212-generic (buildd@lcy02-amd64-083) (gcc version 7.5.0 (Ubuntu 7.5.0-3ubuntu1~18.04)) #223-Ubuntu SMP Tue May 23 13:09:22 UTC 2023 (Ubuntu 4.15.0-212.223-generic 4.15.18)
[    0.000000] Command line: BOOT_IMAGE=/boot/vmlinuz-4.15.0-212-generic root=LABEL=cloudimg-rootfs ro console=tty1 console=ttyS0
[    0.000000] KERNEL supported cpus:
[    0.000000]   Intel GenuineIntel
[    0.000000]   AMD AuthenticAMD
[    0.000000]   Centaur CentaurHauls
[    0.000000] x86/fpu: Supporting XSAVE feature 0x001: 'x87 floating point registers'
[    0.000000] x86/fpu: Supporting XSAVE feature 0x002: 'SSE registers'
[    0.000000] x86/fpu: Supporting XSAVE feature 0x004: 'AVX registers'
[    0.000000] x86/fpu: xstate_offset[2]:  576, xstate_sizes[2]:  256
[    0.000000] x86/fpu: Enabled xstate features 0x7, context size is 832 bytes, using 'standard' format.
[    0.000000] e820: BIOS-provided physical RAM map:
[    0.000000] BIOS-e820: [mem 0x0000000000000000-0x000000000009fbff] usable
[    0.000000] BIOS-e820: [mem 0x000000000009fc00-0x000000000009ffff] reserved
[    0.000000] BIOS-e820: [mem 0x00000000000f0000-0x00000000000fffff] reserved
[    0.000000] BIOS-e820: [mem 0x0000000000100000-0x000000003ffeffff] usable
[    0.000000] BIOS-e820: [mem 0x000000003fff0000-0x000000003fffffff] ACPI data
[    0.000000] BIOS-e820: [mem 0x00000000fec00000-0x00000000fec00fff] reserved
[    0.000000] BIOS-e820: [mem 0x00000000fee00000-0x00000000fee00fff] reserved
[    0.000000] BIOS-e820: [mem 0x00000000fffc0000-0x00000000ffffffff] reserved
[    0.000000] NX (Execute Disable) protection: active
[    0.000000] SMBIOS 2.5 present.
[    0.000000] DMI: innotek GmbH VirtualBox/VirtualBox, BIOS VirtualBox 12/01/2006
[    0.000000] Hypervisor detected: KVM
[    0.000000] e820: last_pfn = 0x3fff0 max_arch_pfn = 0x400000000
[    0.000000] MTRR: Disabled
[    0.000000] x86/PAT: MTRRs disabled, skipping PAT initialization too.
[    0.000000] CPU MTRRs all blank - virtualized system.
[    0.000000] x86/PAT: Configuration [0-7]: WB  WT  UC- UC  WB  WT  UC- UC  
[    0.000000] found SMP MP-table at [mem 0x0009fff0-0x0009ffff]
[    0.000000] Scanning 1 areas for low memory corruption
[    0.000000] RAMDISK: [mem 0x359cb000-0x36cdcfff]
[    0.000000] ACPI: Early table checksum verification disabled
[    0.000000] ACPI: RSDP 0x00000000000E0000 000024 (v02 VBOX  )
[    0.000000] ACPI: XSDT 0x000000003FFF0030 00003C (v01 VBOX   VBOXXSDT 00000001 ASL  00000061)
[    0.000000] ACPI: FACP 0x000000003FFF00F0 0000F4 (v04 VBOX   VBOXFACP 00000001 ASL  00000061)
[    0.000000] ACPI: DSDT 0x000000003FFF0610 002353 (v02 VBOX   VBOXBIOS 00000002 INTL 20100528)
[    0.000000] ACPI: FACS 0x000000003FFF0200 000040
[    0.000000] ACPI: FACS 0x000000003FFF0200 000040
[    0.000000] ACPI: APIC 0x000000003FFF0240 00005C (v02 VBOX   VBOXAPIC 00000001 ASL  00000061)
[    0.000000] ACPI: SSDT 0x000000003FFF02A0 00036C (v01 VBOX   VBOXCPUT 00000002 INTL 20100528)
[    0.000000] ACPI: Reserving FACP table memory at [mem 0x3fff00f0-0x3fff01e3]
[    0.000000] ACPI: Reserving DSDT table memory at [mem 0x3fff0610-0x3fff2962]
[    0.000000] ACPI: Reserving FACS table memory at [mem 0x3fff0200-0x3fff023f]
[    0.000000] ACPI: Reserving FACS table memory at [mem 0x3fff0200-0x3fff023f]
[    0.000000] ACPI: Reserving APIC table memory at [mem 0x3fff0240-0x3fff029b]
[    0.000000] ACPI: Reserving SSDT table memory at [mem 0x3fff02a0-0x3fff060b]
[    0.000000] No NUMA configuration found
[    0.000000] Faking a node at [mem 0x0000000000000000-0x000000003ffeffff]
[    0.000000] NODE_DATA(0) allocated [mem 0x3ffc5000-0x3ffeffff]
[    0.000000] kvm-clock: cpu 0, msr 0:3ff44001, primary cpu clock
[    0.000000] kvm-clock: Using msrs 4b564d01 and 4b564d00
[    0.000000] kvm-clock: using sched offset of 3402914026 cycles
[    0.000000] clocksource: kvm-clock: mask: 0xffffffffffffffff max_cycles: 0x1cd42e4dffb, max_idle_ns: 881590591483 ns
[    0.000000] Zone ranges:
[    0.000000]   DMA      [mem 0x0000000000001000-0x0000000000ffffff]
[    0.000000]   DMA32    [mem 0x0000000001000000-0x000000003ffeffff]
[    0.000000]   Normal   empty
[    0.000000]   Device   empty
[    0.000000] Movable zone start for each node
[    0.000000] Early memory node ranges
[    0.000000]   node   0: [mem 0x0000000000001000-0x000000000009efff]
[    0.000000]   node   0: [mem 0x0000000000100000-0x000000003ffeffff]
[    0.000000] Reserved but unavailable: 104 pages
[    0.000000] Initmem setup node 0 [mem 0x0000000000001000-0x000000003ffeffff]
[    0.000000] ACPI: PM-Timer IO Port: 0x4008
[    0.000000] IOAPIC[0]: apic_id 2, version 32, address 0xfec00000, GSI 0-23
[    0.000000] ACPI: INT_SRC_OVR (bus 0 bus_irq 0 global_irq 2 dfl dfl)
[    0.000000] ACPI: INT_SRC_OVR (bus 0 bus_irq 9 global_irq 9 low level)
[    0.000000] Using ACPI (MADT) for SMP configuration information
[    0.000000] smpboot: Allowing 2 CPUs, 0 hotplug CPUs
[    0.000000] PM: Registered nosave memory: [mem 0x00000000-0x00000fff]
[    0.000000] PM: Registered nosave memory: [mem 0x0009f000-0x0009ffff]
[    0.000000] PM: Registered nosave memory: [mem 0x000a0000-0x000effff]
[    0.000000] PM: Registered nosave memory: [mem 0x000f0000-0x000fffff]
[    0.000000] e820: [mem 0x40000000-0xfebfffff] available for PCI devices
[    0.000000] Booting paravirtualized kernel on KVM
[    0.000000] clocksource: refined-jiffies: mask: 0xffffffff max_cycles: 0xffffffff, max_idle_ns: 7645519600211568 ns
[    0.000000] setup_percpu: NR_CPUS:8192 nr_cpumask_bits:2 nr_cpu_ids:2 nr_node_ids:1
[    0.000000] percpu: Embedded 50 pages/cpu s167936 r8192 d28672 u1048576
[    0.000000] PV qspinlock hash table entries: 256 (order: 0, 4096 bytes)
[    0.000000] Built 1 zonelists, mobility grouping on.  Total pages: 257913
[    0.000000] Policy zone: DMA32
[    0.000000] Kernel command line: BOOT_IMAGE=/boot/vmlinuz-4.15.0-212-generic root=LABEL=cloudimg-rootfs ro console=tty1 console=ttyS0
[    0.000000] Memory: 982644K/1048120K available (12300K kernel code, 2477K rwdata, 4324K rodata, 2480K init, 2720K bss, 65476K reserved, 0K cma-reserved)
[    0.000000] SLUB: HWalign=64, Order=0-3, MinObjects=0, CPUs=2, Nodes=1
[    0.000000] Kernel/User page tables isolation: enabled
[    0.000000] ftrace: allocating 39508 entries in 155 pages
[    0.004000] Hierarchical RCU implementation.
[    0.004000] 	RCU restricting CPUs from NR_CPUS=8192 to nr_cpu_ids=2.
[    0.004000] 	Tasks RCU enabled.
[    0.004000] RCU: Adjusting geometry for rcu_fanout_leaf=16, nr_cpu_ids=2
[    0.004000] NR_IRQS: 524544, nr_irqs: 440, preallocated irqs: 16
[    0.004000] random: crng init done
[    0.004000] Console: colour VGA+ 80x25
[    0.004000] console [tty1] enabled
[    0.004000] console [ttyS0] enabled
[    0.004000] ACPI: Core revision 20170831
[    0.004000] ACPI: 2 ACPI AML tables successfully acquired and loaded
[    0.004000] APIC: Switch to symmetric I/O mode setup
[    0.004000] x2apic enabled
[    0.004000] Switched APIC routing to physical x2apic.
[    0.004000] ..TIMER: vector=0x30 apic1=0 pin1=2 apic2=-1 pin2=-1
[    0.004004] tsc: Detected 3407.998 MHz processor
[    0.005262] Calibrating delay loop (skipped) preset value.. 6815.99 BogoMIPS (lpj=13631992)
[    0.008004] pid_max: default: 32768 minimum: 301
[    0.009072] Security Framework initialized
[    0.010117] Yama: becoming mindful.
[    0.012040] AppArmor: AppArmor initialized
[    0.016053] Dentry cache hash table entries: 131072 (order: 8, 1048576 bytes)
[    0.017586] Inode-cache hash table entries: 65536 (order: 7, 524288 bytes)
[    0.019141] Mount-cache hash table entries: 2048 (order: 2, 16384 bytes)
[    0.020010] Mountpoint-cache hash table entries: 2048 (order: 2, 16384 bytes)
[    0.021910] Last level iTLB entries: 4KB 64, 2MB 8, 4MB 8
[    0.024002] Last level dTLB entries: 4KB 64, 2MB 0, 4MB 0, 1GB 4
[    0.025220] Spectre V1 : Mitigation: usercopy/swapgs barriers and __user pointer sanitization
[    0.027002] Spectre V2 : Mitigation: Retpolines
[    0.028002] Spectre V2 : Spectre v2 / SpectreRSB mitigation: Filling RSB on context switch
[    0.029608] Spectre V2 : Spectre v2 / SpectreRSB : Filling RSB on VMEXIT
[    0.030937] RETBleed: WARNING: Spectre v2 mitigation leaves CPU vulnerable to RETBleed attacks, data leaks possible!
[    0.032002] RETBleed: Vulnerable
[    0.032854] Speculative Store Bypass: Vulnerable
[    0.033882] MDS: Mitigation: Clear CPU buffers
[    0.036002] MMIO Stale Data: Mitigation: Clear CPU buffers
[    0.037121] SRBDS: Unknown: Dependent on hypervisor status
[    0.038559] Freeing SMP alternatives memory: 36K
[    0.150160] smpboot: CPU0: Intel(R) Core(TM) i7-6700 CPU @ 3.40GHz (family: 0x6, model: 0x5e, stepping: 0x3)
[    0.152000] Performance Events: unsupported p6 CPU model 94 no PMU driver, software events only.
[    0.152068] Hierarchical SRCU implementation.
[    0.153650] NMI watchdog: Perf event create on CPU 0 failed with -2
[    0.154990] NMI watchdog: Perf NMI watchdog permanently disabled
[    0.156040] smp: Bringing up secondary CPUs ...
[    0.157244] x86: Booting SMP configuration:
[    0.158298] .... node  #0, CPUs:      #1
[    0.004000] kvm-clock: cpu 1, msr 0:3ff44041, secondary cpu clock
[    0.163426] smp: Brought up 1 node, 2 CPUs
[    0.164006] smpboot: Max logical packages: 1
[    0.164886] smpboot: Total of 2 processors activated (13631.99 BogoMIPS)
[    0.166276] devtmpfs: initialized
[    0.168052] x86/mm: Memory block size: 128MB
[    0.169100] evm: security.selinux
[    0.169818] evm: security.SMACK64
[    0.170631] evm: security.SMACK64EXEC
[    0.171451] evm: security.SMACK64TRANSMUTE
[    0.172002] evm: security.SMACK64MMAP
[    0.172784] evm: security.apparmor
[    0.173508] evm: security.ima
[    0.174211] evm: security.capability
[    0.175052] clocksource: jiffies: mask: 0xffffffff max_cycles: 0xffffffff, max_idle_ns: 7645041785100000 ns
[    0.176011] futex hash table entries: 512 (order: 3, 32768 bytes)
[    0.177643] pinctrl core: initialized pinctrl subsystem
[    0.182445] RTC time: 21:12:59, date: 07/13/24
[    0.184234] NET: Registered protocol family 16
[    0.185593] audit: initializing netlink subsys (disabled)
[    0.186810] audit: type=2000 audit(1720905184.875:1): state=initialized audit_enabled=0 res=1
[    0.188014] cpuidle: using governor ladder
[    0.188885] cpuidle: using governor menu
[    0.190068] ACPI: bus type PCI registered
[    0.192004] acpiphp: ACPI Hot Plug PCI Controller Driver version: 0.5
[    0.193418] PCI: Using configuration type 1 for base access
[    0.196069] HugeTLB registered 2.00 MiB page size, pre-allocated 0 pages
[    0.197290] ACPI: Added _OSI(Module Device)
[    0.197290] ACPI: Added _OSI(Processor Device)
[    0.200003] ACPI: Added _OSI(3.0 _SCP Extensions)
[    0.200982] ACPI: Added _OSI(Processor Aggregator Device)
[    0.202132] ACPI: Added _OSI(Linux-Dell-Video)
[    0.203041] ACPI: Added _OSI(Linux-Lenovo-NV-HDMI-Audio)
[    0.204009] ACPI: Added _OSI(Linux-HPI-Hybrid-Graphics)
[    0.205472] ACPI: Executed 1 blocks of module-level executable AML code
[    0.211326] ACPI: Interpreter enabled
[    0.212019] ACPI: (supports S0 S5)
[    0.212951] ACPI: Using IOAPIC for interrupt routing
[    0.214594] PCI: Using host bridge windows from ACPI; if necessary, use "pci=nocrs" and report a bug
[    0.216195] ACPI: Enabled 2 GPEs in block 00 to 07
[    0.226482] ACPI: PCI Root Bridge [PCI0] (domain 0000 [bus 00-ff])
[    0.228006] acpi PNP0A03:00: _OSC: OS supports [ASPM ClockPM Segments MSI]
[    0.229994] acpi PNP0A03:00: _OSC: not requesting OS control; OS requires [ExtendedConfig ASPM ClockPM MSI]
[    0.232012] acpi PNP0A03:00: fail to add MMCONFIG information, can't access extended PCI configuration space under this bridge.
[    0.234721] PCI host bridge to bus 0000:00
[    0.236003] pci_bus 0000:00: root bus resource [io  0x0000-0x0cf7 window]
[    0.237446] pci_bus 0000:00: root bus resource [io  0x0d00-0xffff window]
[    0.240003] pci_bus 0000:00: root bus resource [mem 0x000a0000-0x000bffff window]
[    0.241580] pci_bus 0000:00: root bus resource [mem 0x40000000-0xfdffffff window]
[    0.243459] pci_bus 0000:00: root bus resource [bus 00-ff]
[    0.246062] pci 0000:00:01.1: legacy IDE quirk: reg 0x10: [io  0x01f0-0x01f7]
[    0.248003] pci 0000:00:01.1: legacy IDE quirk: reg 0x14: [io  0x03f6]
[    0.249651] pci 0000:00:01.1: legacy IDE quirk: reg 0x18: [io  0x0170-0x0177]
[    0.252003] pci 0000:00:01.1: legacy IDE quirk: reg 0x1c: [io  0x0376]
[    0.269585] pci 0000:00:07.0: quirk: [io  0x4000-0x403f] claimed by PIIX4 ACPI
[    0.271192] pci 0000:00:07.0: quirk: [io  0x4100-0x410f] claimed by PIIX4 SMB
[    0.283002] ACPI: PCI Interrupt Link [LNKA] (IRQs 5 9 10 *11)
[    0.284488] ACPI: PCI Interrupt Link [LNKB] (IRQs 5 9 *10 11)
[    0.286173] ACPI: PCI Interrupt Link [LNKC] (IRQs 5 *9 10 11)
[    0.288214] ACPI: PCI Interrupt Link [LNKD] (IRQs 5 9 10 *11)
[    0.289895] SCSI subsystem initialized
[    0.290718] pci 0000:00:02.0: vgaarb: setting as boot VGA device
[    0.290718] pci 0000:00:02.0: vgaarb: VGA device added: decodes=io+mem,owns=io+mem,locks=none
[    0.292006] pci 0000:00:02.0: vgaarb: bridge control possible
[    0.293177] vgaarb: loaded
[    0.293869] ACPI: bus type USB registered
[    0.296021] usbcore: registered new interface driver usbfs
[    0.297124] usbcore: registered new interface driver hub
[    0.298401] usbcore: registered new device driver usb
[    0.300049] EDAC MC: Ver: 3.0.0
[    0.300961] PCI: Using ACPI for IRQ routing
[    0.301174] NetLabel: Initializing
[    0.301993] NetLabel:  domain hash size = 128
[    0.304002] NetLabel:  protocols = UNLABELED CIPSOv4 CALIPSO
[    0.305302] NetLabel:  unlabeled traffic allowed by default
[    0.306755] clocksource: Switched to clocksource kvm-clock
[    0.322718] VFS: Disk quotas dquot_6.6.0
[    0.323709] VFS: Dquot-cache hash table entries: 512 (order 0, 4096 bytes)
[    0.325570] AppArmor: AppArmor Filesystem Enabled
[    0.326853] pnp: PnP ACPI init
[    0.328807] pnp: PnP ACPI: found 3 devices
[    0.340375] clocksource: acpi_pm: mask: 0xffffff max_cycles: 0xffffff, max_idle_ns: 2085701024 ns
[    0.342053] NET: Registered protocol family 2
[    0.342940] IP idents hash table entries: 16384 (order: 5, 131072 bytes)
[    0.347393] TCP established hash table entries: 8192 (order: 4, 65536 bytes)
[    0.348952] TCP bind hash table entries: 8192 (order: 5, 131072 bytes)
[    0.350424] TCP: Hash tables configured (established 8192 bind 8192)
[    0.351867] UDP hash table entries: 512 (order: 2, 16384 bytes)
[    0.353066] UDP-Lite hash table entries: 512 (order: 2, 16384 bytes)
[    0.354356] NET: Registered protocol family 1
[    0.355268] pci 0000:00:00.0: Limiting direct PCI/PCI transfers
[    0.356543] pci 0000:00:01.0: Activating ISA DMA hang workarounds
[    0.357859] pci 0000:00:02.0: Video device with shadowed ROM at [mem 0x000c0000-0x000dffff]
[    0.359599] Unpacking initramfs...
[    0.664525] Freeing initrd memory: 19528K
[    0.665568] clocksource: tsc: mask: 0xffffffffffffffff max_cycles: 0x311fd208cfc, max_idle_ns: 440795283699 ns
[    0.667627] platform rtc_cmos: registered platform RTC device (no PNP device found)
[    0.669251] Scanning for low memory corruption every 60 seconds
[    0.671840] Initialise system trusted keyrings
[    0.672907] Key type blacklist registered
[    0.674123] workingset: timestamp_bits=36 max_order=18 bucket_order=0
[    0.676512] zbud: loaded
[    0.677972] squashfs: version 4.0 (2009/01/31) Phillip Lougher
[    0.679572] fuse init (API version 7.26)
[    0.682328] Key type asymmetric registered
[    0.683199] Asymmetric key parser 'x509' registered
[    0.684672] Block layer SCSI generic (bsg) driver version 0.4 loaded (major 246)
[    0.686517] io scheduler noop registered
[    0.687448] io scheduler deadline registered
[    0.688567] io scheduler cfq registered (default)
[    0.689886] ACPI: AC Adapter [AC] (on-line)
[    0.691020] input: Power Button as /devices/LNXSYSTM:00/LNXPWRBN:00/input/input0
[    0.692606] ACPI: Power Button [PWRF]
[    0.693435] input: Sleep Button as /devices/LNXSYSTM:00/LNXSLPBN:00/input/input1
[    0.694929] ACPI: Sleep Button [SLPF]
[    0.696065] Serial: 8250/16550 driver, 32 ports, IRQ sharing enabled
[    0.718436] 00:02: ttyS0 at I/O 0x3f8 (irq = 4, base_baud = 115200) is a 16550A
[    0.723469] Linux agpgart interface v0.103
[    0.728912] loop: module loaded
[    0.730443] scsi host0: ata_piix
[    0.731451] scsi host1: ata_piix
[    0.732389] ata1: PATA max UDMA/33 cmd 0x1f0 ctl 0x3f6 bmdma 0xd000 irq 14
[    0.733976] ata2: PATA max UDMA/33 cmd 0x170 ctl 0x376 bmdma 0xd008 irq 15
[    0.735451] tun: Universal TUN/TAP device driver, 1.6
[    0.736707] PPP generic driver version 2.4.2
[    0.737781] ehci_hcd: USB 2.0 'Enhanced' Host Controller (EHCI) Driver
[    0.739315] ehci-pci: EHCI PCI platform driver
[    0.740461] ehci-platform: EHCI generic platform driver
[    0.741812] ohci_hcd: USB 1.1 'Open' Host Controller (OHCI) Driver
[    0.743247] ohci-pci: OHCI PCI platform driver
[    0.744348] ohci-platform: OHCI generic platform driver
[    0.745431] uhci_hcd: USB Universal Host Controller Interface driver
[    0.747341] i8042: PNP: PS/2 Controller [PNP0303:PS2K,PNP0f03:PS2M] at 0x60,0x64 irq 1,12
[    0.749915] serio: i8042 KBD port at 0x60,0x64 irq 1
[    0.751100] serio: i8042 AUX port at 0x60,0x64 irq 12
[    0.752969] mousedev: PS/2 mouse device common for all mice
[    0.755318] rtc_cmos rtc_cmos: rtc core: registered rtc_cmos as rtc0
[    0.757667] input: AT Translated Set 2 keyboard as /devices/platform/i8042/serio0/input/input2
[    0.759811] rtc_cmos rtc_cmos: alarms up to one day, 114 bytes nvram
[    0.761481] i2c /dev entries driver
[    0.762276] device-mapper: uevent: version 1.0.3
[    0.763315] device-mapper: ioctl: 4.37.0-ioctl (2017-09-20) initialised: dm-devel@redhat.com
[    0.765128] ledtrig-cpu: registered to indicate activity on CPUs
[    0.766708] NET: Registered protocol family 10
[    0.771192] Segment Routing with IPv6
[    0.772200] NET: Registered protocol family 17
[    0.773316] Key type dns_resolver registered
[    0.774886] mce: Using 0 MCE banks
[    0.775776] RAS: Correctable Errors collector initialized.
[    0.777231] sched_clock: Marking stable (777190685, 0)->(995503441, -218312756)
[    0.779351] registered taskstats version 1
[    0.780211] Loading compiled-in X.509 certificates
[    0.783579] Loaded X.509 cert 'Build time autogenerated kernel key: b5b26778eaa3ab3a4a6cee031137706e947d12ad'
[    0.786040] Loaded X.509 cert 'Canonical Ltd. Live Patch Signing: 14df34d1a87cf37625abec039ef2bf521249b969'
[    0.789509] Loaded X.509 cert 'Canonical Ltd. Kernel Module Signing: 88f752e560a1e0737e31163a466ad7b70a850c19'
[    0.791618] blacklist: Loading compiled-in revocation X.509 certificates
[    0.793023] Loaded X.509 cert 'Canonical Ltd. Secure Boot Signing: 61482aa2830d0ab2ad5af10b7250da9033ddcef0'
[    0.794994] Loaded X.509 cert 'Canonical Ltd. Secure Boot Signing (2017): 242ade75ac4a15e50d50c84b0d45ff3eae707a03'
[    0.797231] Loaded X.509 cert 'Canonical Ltd. Secure Boot Signing (ESM 2018): 365188c1d374d6b07c3c8f240f8ef722433d6a8b'
[    0.799437] Loaded X.509 cert 'Canonical Ltd. Secure Boot Signing (2019): c0746fd6c5da3ae827864651ad66ae47fe24b3e8'
[    0.801681] Loaded X.509 cert 'Canonical Ltd. Secure Boot Signing (2021 v1): a8d54bbb3825cfb94fa13c9f8a594a195c107b8d'
[    0.803781] Loaded X.509 cert 'Canonical Ltd. Secure Boot Signing (2021 v2): 4cf046892d6fd3c9a5b03f98d845f90851dc6a8c'
[    0.805823] Loaded X.509 cert 'Canonical Ltd. Secure Boot Signing (2021 v3): 100437bb6de6e469b581e61cd66bce3ef4ed53af'
[    0.808023] Loaded X.509 cert 'Canonical Ltd. Secure Boot Signing (Ubuntu Core 2019): c1d57b8f6b743f23ee41f4f7ee292f06eecadfb9'
[    0.811109] zswap: loaded using pool lzo/zbud
[    0.814856] Key type big_key registered
[    0.816295] Key type trusted registered
[    0.818906] Key type encrypted registered
[    0.819740] AppArmor: AppArmor sha1 policy hashing enabled
[    0.821013] ima: No TPM chip found, activating TPM-bypass! (rc=-19)
[    0.822268] ima: Allocated hash algorithm: sha1
[    0.823838] evm: HMAC attrs: 0x1
[    0.824910]   Magic number: 0:380:247
[    0.825790] rtc_cmos rtc_cmos: setting system clock to 2024-07-13 21:13:00 UTC (1720905180)
[    0.827545] BIOS EDD facility v0.16 2004-Jun-25, 0 devices found
[    0.829231] EDD information not available.
[    0.918013] Freeing unused kernel image memory: 2480K
[    1.164218] Write protecting the kernel read-only data: 20480k
[    1.165953] Freeing unused kernel image memory: 2008K
[    1.167300] Freeing unused kernel image memory: 1820K
[    1.176185] x86/mm: Checked W+X mappings: passed, no W+X pages found.
[    1.177994] x86/mm: Checking user space page tables
[    1.186326] x86/mm: Checked W+X mappings: passed, no W+X pages found.
Loading, please wait...
starting version 237
[    1.268827] Fusion MPT base driver 3.04.20
[    1.269784] Copyright (c) 1999-2008 LSI Corporation
[    1.291717] AVX2 version of gcm_enc/dec engaged.
[    1.292819] AES CTR mode by8 optimization enabled
[    1.297763] e1000: Intel(R) PRO/1000 Network Driver - version 7.3.21-k8-NAPI
[    1.299357] e1000: Copyright (c) 1999-2006 Intel Corporation.
[    1.313142] Fusion MPT SPI Host driver 3.04.20
[    1.477468] input: ImExPS/2 Generic Explorer Mouse as /devices/platform/i8042/serio1/input/input4
[    1.705392] e1000 0000:00:03.0 eth0: (PCI:33MHz:32-bit) 02:3b:7b:b7:3b:2d
[    1.707274] e1000 0000:00:03.0 eth0: Intel(R) PRO/1000 Network Connection
[    1.709993] mptbase: ioc0: Initiating bringup
[    1.824431] ioc0: LSI53C1030 A0: Capabilities={Initiator}
[    2.068698] scsi host2: ioc0: LSI53C1030 A0, FwRev=00000000h, Ports=1, MaxQ=256, IRQ=20
[    2.236843] scsi 2:0:0:0: Direct-Access     VBOX     HARDDISK         1.0  PQ: 0 ANSI: 5
[    2.268845] scsi target2:0:0: Beginning Domain Validation
[    2.295019] scsi target2:0:0: Domain Validation skipping write tests
[    2.296309] scsi target2:0:0: Ending Domain Validation
[    2.301609] scsi target2:0:0: asynchronous
[    2.321236] scsi 2:0:1:0: Direct-Access     VBOX     HARDDISK         1.0  PQ: 0 ANSI: 5
[    2.358422] scsi target2:0:1: Beginning Domain Validation
[    2.366148] scsi target2:0:1: Domain Validation skipping write tests
[    2.367633] scsi target2:0:1: Ending Domain Validation
[    2.369215] scsi target2:0:1: asynchronous
[    2.374831] sd 2:0:0:0: [sda] 83886080 512-byte logical blocks: (42.9 GB/40.0 GiB)
[    2.376555] sd 2:0:0:0: Attached scsi generic sg0 type 0
[    2.377793] sd 2:0:0:0: [sda] Write Protect is off
[    2.379356] sd 2:0:0:0: [sda] Incomplete mode parameter data
[    2.380822] sd 2:0:0:0: [sda] Assuming drive cache: write through
[    2.383448] sd 2:0:1:0: Attached scsi generic sg1 type 0
[    2.384881]  sda: sda1
[    2.387024] sd 2:0:0:0: [sda] Attached SCSI disk
[    2.392277] sd 2:0:1:0: [sdb] 20480 512-byte logical blocks: (10.5 MB/10.0 MiB)
[    2.394136] sd 2:0:1:0: [sdb] Write Protect is off
[    2.395330] sd 2:0:1:0: [sdb] Incomplete mode parameter data
[    2.396616] sd 2:0:1:0: [sdb] Assuming drive cache: write through
[    2.401258] sd 2:0:1:0: [sdb] Attached SCSI disk
[    2.652208] e1000 0000:00:08.0 eth1: (PCI:33MHz:32-bit) 08:00:27:78:67:ce
[    2.653582] e1000 0000:00:08.0 eth1: Intel(R) PRO/1000 Network Connection
[    2.656181] e1000 0000:00:03.0 enp0s3: renamed from eth0
[    2.673335] e1000 0000:00:08.0 enp0s8: renamed from eth1
Begin: Loading essential drivers ... [    4.244226] raid6: sse2x1   gen() 10251 MB/s
[    4.292020] raid6: sse2x1   xor()  8574 MB/s
[    4.340843] raid6: sse2x2   gen() 14496 MB/s
[    4.388040] raid6: sse2x2   xor()  9427 MB/s
[    4.436848] raid6: sse2x4   gen() 17431 MB/s
[    4.484602] raid6: sse2x4   xor() 10428 MB/s
[    4.532520] raid6: avx2x1   gen() 23940 MB/s
[    4.580289] raid6: avx2x1   xor() 16178 MB/s
[    4.628114] raid6: avx2x2   gen() 29648 MB/s
[    4.676008] raid6: avx2x2   xor() 17776 MB/s
[    4.724734] raid6: avx2x4   gen() 33246 MB/s
[    4.773497] raid6: avx2x4   xor() 19473 MB/s
[    4.774721] raid6: using algorithm avx2x4 gen() 33246 MB/s
[    4.776298] raid6: .... xor() 19473 MB/s, rmw enabled
[    4.777486] raid6: using avx2x2 recovery algorithm
[    4.779349] xor: automatically using best checksumming function   avx       
[    4.782167] async_tx: api initialized (async)
done.
Begin: Running /scripts/init-premount ... done.
Begin: Mounting root file system ... Begin: Running /scripts/local-top ... done.
Begin: Running /scripts/local-premount ... [    4.827660] Btrfs loaded, crc32c=crc32c-intel
Scanning for Btrfs filesystems
done.
Warning: fsck not present, so skipping root file system
[    4.867224] EXT4-fs (sda1): mounted filesystem with ordered data mode. Opts: (null)
done.
Begin: Running /scripts/local-bottom ... done.
Begin: Running /scripts/init-bottom ... done.
[    5.108726] ip_tables: (C) 2000-2006 Netfilter Core Team
[    5.124139] systemd[1]: systemd 237 running in system mode. (+PAM +AUDIT +SELINUX +IMA +APPARMOR +SMACK +SYSVINIT +UTMP +LIBCRYPTSETUP +GCRYPT +GNUTLS +ACL +XZ +LZ4 +SECCOMP +BLKID +ELFUTILS +KMOD -IDN2 +IDN -PCRE2 default-hierarchy=hybrid)
[    5.128416] systemd[1]: Detected virtualization oracle.
[    5.129492] systemd[1]: Detected architecture x86-64.

Welcome to [1mUbuntu 18.04.6 LTS[0m!

[    5.145618] systemd[1]: Set hostname to <ubuntu>.
[    5.151402] systemd[1]: Initializing machine ID from random generator.
[    5.152931] systemd[1]: Installed transient /etc/machine-id file.
[    5.455932] systemd[1]: Reached target Mounting snaps.
[[0;32m  OK  [0m] Reached target Mounting snaps.
[    5.457568] systemd[1]: Reached target Mounted snaps.
[[0;32m  OK  [0m] Reached target Mounted snaps.
[    5.468987] systemd[1]: Reached target Swap.
[[0;32m  OK  [0m] Reached target Swap.
[    5.482094] systemd[1]: Created slice User and Session Slice.
[[0;32m  OK  [0m] Created slice User and Session Slice.
[[0;32m  OK  [0m] Reached target System Time Synchronized.
[[0;32m  OK  [0m] Created slice System Slice.
[[0;32m  OK  [0m] Listening on udev Control Socket.
[[0;32m  OK  [0m] Reached target Slices.
[[0;32m  OK  [0m] Listening on LVM2 poll daemon socket.
[[0;32m  OK  [0m] Listening on Journal Audit Socket.
[[0;32m  OK  [0m] Listening on udev Kernel Socket.
[[0;32m  OK  [0m] Listening on Journal Socket.
         Mounting POSIX Message Queue File System...
         Starting udev Coldplug all Devices...
         Mounting Kernel Debug File System...
         Mounting Huge Pages File System...
[[0;32m  OK  [0m] Listening on Network Service Netlink Socket.
         Starting Create list of required st…ce nodes for the current kernel...
[[0;32m  OK  [0m] Listening on /dev/initctl Compatibility Named Pipe.
[[0;32m  OK  [0m] Listening on fsck to fsckd communication Socket.
         Starting File System Check on Root Device...
[[0;32m  OK  [0m] Started Forward Password Requests to Wall Directory Watch.
[[0;32m  OK  [0m] Created slice system-serial\x2dgetty.slice.
         Starting Uncomplicated firewall...
[[0;32m  OK  [0m] Listening on LVM2 metadata daemon socket.
         Starting Set the console keyboard layout...
[[0;32m  OK  [0m] Listening on Device-mapper event daemon FIFOs.
         Starting Monitoring of LVM2 mirrors…ng dmeventd or progress polling...
         Starting Load Kernel Modules...
[[0;32m  OK  [0m] Reached target User and Group Name Lookups.
[[0;32m  OK  [0m] Listening on Syslog Socket.
[[0;32m  OK  [0m] Set up automount Arbitrary Executab…rmats File System Automount Point.
[    5.679983] Loading iSCSI transport class v2.0-870.
[    5.686846] iscsi: registered transport (tcp)
[[0;32m  OK  [0m] Listening on Journal Socket (/dev/log).
         Starting Journal Service...
[[0;32m  OK  [0m] Mounted POSIX Message Queue File System.
[[0;32m  OK  [0m] Mounted Kernel Debug File System.
[[0;32m  OK  [0m] Mounted Huge Pages File System.
[[0;32m  OK  [0m] Started Create list of required sta…vice nodes for the current kernel.
[    5.741442] iscsi: registered transport (iser)
[[0;32m  OK  [0m] Started File System Check on Root Device.
[[0;32m  OK  [0m] Started Uncomplicated firewall.
[[0;32m  OK  [0m] Started Load Kernel Modules.
[[0;32m  OK  [0m] Started udev Coldplug all Devices.
[[0;32m  OK  [0m] Started Journal Service.
[[0;32m  OK  [0m] Started LVM2 metadata daemon.
[[0;32m  OK  [0m] Started File System Check Daemon to report status.
         Mounting FUSE Control File System...
         Mounting Kernel Configuration File System...
         Starting Apply Kernel Variables...
         Starting Remount Root and Kernel File Systems...
         Starting Create Static Device Nodes in /dev...
[[0;32m  OK  [0m] Started Monitoring of LVM2 mirrors,…sing dmeventd or progress polling.
[[0;32m  OK  [0m] Mounted FUSE Control File System.
[[0;32m  OK  [0m] Mounted Kernel Configuration File System.
[[0;32m  OK  [0m] Started Create Static Device Nodes in /dev.
[[0;32m  OK  [0m] Started Apply Kernel Variables.
[[0;32m  OK  [0m] Started Remount Root and Kernel File Systems.
         Starting Load/Save Random Seed...
         Starting udev Kernel Device Manager...
         Starting Flush Journal to Persistent Storage...
[[0;32m  OK  [0m] Started Load/Save Random Seed.
[[0;32m  OK  [0m] Started udev Kernel Device Manager.
[[0;32m  OK  [0m] Started Flush Journal to Persistent Storage.
[[0;32m  OK  [0m] Found device /dev/ttyS0.
[[0;32m  OK  [0m] Listening on Load/Save RF Kill Switch Status /dev/rfkill Watch.
         Mounting Arbitrary Executable File Formats File System...
[[0;32m  OK  [0m] Mounted Arbitrary Executable File Formats File System.
[[0;32m  OK  [0m] Started Set the console keyboard layout.
[[0;32m  OK  [0m] Reached target Local File Systems (Pre).
[[0;32m  OK  [0m] Reached target Local File Systems.
         Starting AppArmor initialization...
         Starting Commit a transient machine-id on disk...
         Starting Tell Plymouth To Write Out Runtime Data...
         Starting Create Volatile Files and Directories...
         Starting Set console font and keymap...
         Starting ebtables ruleset management...
[[0;32m  OK  [0m] Started Dispatch Password Requests to Console Directory Watch.
[[0;32m  OK  [0m] Reached target Local Encrypted Volumes.
[[0;32m  OK  [0m] Started Tell Plymouth To Write Out Runtime Data.
[[0;32m  OK  [0m] Started Create Volatile Files and Directories.
         Starting Update UTMP about System Boot/Shutdown...
[[0;32m  OK  [0m] Started Commit a transient machine-id on disk.
[[0;32m  OK  [0m] Started Update UTMP about System Boot/Shutdown.
[[0;32m  OK  [0m] Started ebtables ruleset management.
[[0;32m  OK  [0m] Started Set console font and keymap.
[[0;32m  OK  [0m] Started AppArmor initialization.
         Starting Initial cloud-init job (pre-networking)...
         Starting Load AppArmor profiles managed internally by snapd...
[[0;32m  OK  [0m] Started Load AppArmor profiles managed internally by snapd.
[   10.568094] cloud-init[860]: Cloud-init v. 23.1.2-0ubuntu0~18.04.1 running 'init-local' at Sat, 13 Jul 2024 21:13:09 +0000. Up 10.14 seconds.
[[0;32m  OK  [0m] Started Initial cloud-init job (pre-networking).
[[0;32m  OK  [0m] Reached target Network (Pre).
         Starting Network Service...
[[0;32m  OK  [0m] Started Network Service.
         Starting Wait for Network to be Configured...
         Starting Network Name Resolution...
[[0;32m  OK  [0m] Started Network Name Resolution.
[[0;32m  OK  [0m] Reached target Host and Network Name Lookups.
[[0;32m  OK  [0m] Reached target Network.
[[0;32m  OK  [0m] Started Wait for Network to be Configured.
         Starting Initial cloud-init job (metadata service crawler)...
[   12.640765] cloud-init[1000]: Cloud-init v. 23.1.2-0ubuntu0~18.04.1 running 'init' at Sat, 13 Jul 2024 21:13:12 +0000. Up 12.39 seconds.
[   12.652220] cloud-init[1000]: ci-info: ++++++++++++++++++++++++++++++++++++++Net device info+++++++++++++++++++++++++++++++++++++++
[   12.653442] cloud-init[1000]: ci-info: +--------+-------+----------------------------+---------------+--------+-------------------+
[   12.655937] cloud-init[1000]: ci-info: | Device |   Up  |          Address           |      Mask     | Scope  |     Hw-Address    |
[   12.669892] cloud-init[1000]: ci-info: +--------+-------+----------------------------+---------------+--------+-------------------+
[   12.671570] cloud-init[1000]: ci-info: | enp0s3 |  True |         10.0.2.15          | 255.255.255.0 | global | 02:3b:7b:b7:3b:2d |
[   12.673403] cloud-init[1000]: ci-info: | enp0s3 |  True | fe80::3b:7bff:feb7:3b2d/64 |       .       |  link  | 02:3b:7b:b7:3b:2d |
[   12.684248] cloud-init[1000]: ci-info: | enp0s8 | False |             .              |       .       |   .    | 08:00:27:78:67:ce |
[   12.685605] cloud-init[1000]: ci-info: |   lo   |  True |         127.0.0.1          |   255.0.0.0   |  host  |         .         |
[   12.696924] cloud-init[1000]: ci-info: |   lo   |  True |          ::1/128           |       .       |  host  |         .         |
[   12.708297] cloud-init[1000]: ci-info: +--------+-------+----------------------------+---------------+--------+-------------------+
[   12.709724] cloud-init[1000]: ci-info: ++++++++++++++++++++++++++++Route IPv4 info+++++++++++++++++++++++++++++
[   12.720383] cloud-init[1000]: ci-info: +-------+-------------+----------+-----------------+-----------+-------+
[   12.732384] cloud-init[1000]: ci-info: | Route | Destination | Gateway  |     Genmask     | Interface | Flags |
[   12.733564] cloud-init[1000]: ci-info: +-------+-------------+----------+-----------------+-----------+-------+
[   12.745228] cloud-init[1000]: ci-info: |   0   |   0.0.0.0   | 10.0.2.2 |     0.0.0.0     |   enp0s3  |   UG  |
[   12.746205] cloud-init[1000]: ci-info: |   1   |   10.0.2.0  | 0.0.0.0  |  255.255.255.0  |   enp0s3  |   U   |
[   12.747634] cloud-init[1000]: ci-info: |   2   |   10.0.2.2  | 0.0.0.0  | 255.255.255.255 |   enp0s3  |   UH  |
[   12.749064] cloud-init[1000]: ci-info: +-------+-------------+----------+-----------------+-----------+-------+
[   12.760297] cloud-init[1000]: ci-info: +++++++++++++++++++Route IPv6 info+++++++++++++++++++
[   12.761841] cloud-init[1000]: ci-info: +-------+-------------+---------+-----------+-------+
[   12.772212] cloud-init[1000]: ci-info: | Route | Destination | Gateway | Interface | Flags |
[   12.773109] cloud-init[1000]: ci-info: +-------+-------------+---------+-----------+-------+
[   12.774019] cloud-init[1000]: ci-info: |   1   |  fe80::/64  |    ::   |   enp0s3  |   U   |
[   12.784358] cloud-init[1000]: ci-info: |   3   |    local    |    ::   |   enp0s3  |   U   |
[   12.786262] cloud-init[1000]: ci-info: |   4   |   ff00::/8  |    ::   |   enp0s3  |   U   |
[   12.787719] cloud-init[1000]: ci-info: +-------+-------------+---------+-----------+-------+
[   13.543628] cloud-init[1000]: Generating public/private rsa key pair.
[   13.544338] cloud-init[1000]: Your identification has been saved in /etc/ssh/ssh_host_rsa_key.
[   13.547019] cloud-init[1000]: Your public key has been saved in /etc/ssh/ssh_host_rsa_key.pub.
[   13.560402] cloud-init[1000]: The key fingerprint is:
[   13.561093] cloud-init[1000]: SHA256:w5xpHZc0do2Rlys0GrGup7yezw2YAOnO6yDVFwAYCPs root@ubuntu-bionic
[   13.562049] cloud-init[1000]: The key's randomart image is:
[   13.573019] cloud-init[1000]: +---[RSA 2048]----+
[   13.574044] cloud-init[1000]: |+.o...     .= o=.|
[   13.581022] cloud-init[1000]: |.o    o    +.*o.o|
[   13.582983] cloud-init[1000]: |.    o .  ..* ...|
[   13.584285] cloud-init[1000]: | .  o .o.+.+ . . |
[   13.585538] cloud-init[1000]: |  E. o oS ..  .  |
[   13.596393] cloud-init[1000]: |  . o ....+      |
[   13.597339] cloud-init[1000]: | . . o   + o     |
[   13.598529] cloud-init[1000]: |  . . . . = o    |
[   13.609173] cloud-init[1000]: |    .o  .*oo .   |
[   13.610253] cloud-init[1000]: +----[SHA256]-----+
[   13.611454] cloud-init[1000]: Generating public/private dsa key pair.
[   13.613107] cloud-init[1000]: Your identification has been saved in /etc/ssh/ssh_host_dsa_key.
[   13.615173] cloud-init[1000]: Your public key has been saved in /etc/ssh/ssh_host_dsa_key.pub.
[   13.617005] cloud-init[1000]: The key fingerprint is:
[   13.628662] cloud-init[1000]: SHA256:5ROXhHNIElSY36fIdzz7ls++vQbpyUKOYYf3nTcJu+M root@ubuntu-bionic
[   13.630167] cloud-init[1000]: The key's randomart image is:
[[0;32m  OK  [0m] Started Initial cloud-init job (metadata service crawler).
[   13.641535] cloud-init[1000]: +---[DSA 1024]----+
[   13.653001] cloud-init[1000]: |       .+*oo.    |
[   13.653088] cloud-init[1000]: |        o.+...   |
[   13.653560] cloud-init[1000]: |         .o+o    |
[   13.653887] cloud-init[1000]: |         o.o. .  |
[   13.654348] cloud-init[1000]: |        S.+. +.  |
[   13.654962] cloud-init[1000]: |         +o=o++  |
[   13.655426] cloud-init[1000]: |        . B.+.*o+|
[   13.656027] cloud-init[1000]: |         . o B.O+|
[   13.656634] cloud-init[1000]: |            oE+*%|
[   13.657130] cloud-init[1000]: +----[SHA256]-----+
[   13.657280] cloud-init[1000]: Generating public/private ecdsa key pair.
[[0;32m  OK  [0m] Reached target System Initialization.
[   13.657457] cloud-init[1000]: Your identification has been saved in /etc/ssh/ssh_host_ecdsa_key.
[   13.660829] cloud-init[1000]: Your public key has been saved in /etc/ssh/ssh_host_ecdsa_key.pub.
[   13.662064] cloud-init[1000]: The key fingerprint is:
[[0;32m  OK  [0m[   13.663030] cloud-init[1000]: SHA256:E5bskOXtbFUdFTBg44ErAn0N7C+fCa0W3Krd4HnqwEQ root@ubuntu-bionic
[   13.663325] cloud-init[1000]: The key's randomart image is:
[   13.663852] cloud-init[1000]: +---[ECDSA 256]---+
[   13.664718] cloud-init[1000]: |    . ..+ .=.oo+=|
[   13.665151] cloud-init[1000]: |   . . B =o o.. .|
[   13.665645] cloud-init[1000]: |    .E= * o..    |
[   13.666168] cloud-init[1000]: |    .. * = .     |
[   13.666823] cloud-init[1000]: |     .o S +      |
[   13.667290] cloud-init[1000]: |    o  = *       |
[   13.667747] cloud-init[1000]: |     o .B o      |
[   13.668440] cloud-init[1000]: |      +++=       |
[   13.668876] cloud-init[1000]: |     .+*o.       |
[   13.669338] cloud-init[1000]: +----[SHA256]-----+
] Listening on D-Bus System Message Bus Socket.
[   13.669510] cloud-init[1000]: Generating public/private ed25519 key pair.
         Starting LXD - unix socket.
[[0;32m  OK  [0m] Listening on UUID daemon activation socket.
[   13.684270] cloud-init[1000]: Your identification has been saved in /etc/ssh/ssh_host_ed25519_key.
[[0;32m  OK  [0m] Started Message of the Day.
[[0;32m  OK  [0m] Started Discard unused blocks once a week.
[[0;32m  OK  [0m] Started Ubuntu Advantage Timer for running repeated jobs.
[[0;32m  OK  [0m] Started Daily apt download activities.
[[0;32m  OK  [0m] Started Daily apt upgrade and clean activities.
[[0;32m  OK  [0m] Started ACPI Events Check.
[   13.709262] cloud-init[1000]: Your public key has been saved in /etc/ssh/ssh_host_ed25519_key.pub.
[[0;32m  OK  [0m] Reached target Paths.
[   13.725106] cloud-init[1000]: The key fingerprint is:
         Starting Socket activation for snappy daemon.
[[0;32m  OK  [0m] Listening on cloud-init hotplug hook socket.
[[0;32m  OK  [0m] Listening on ACPID Listen Socket.
[[0;32m  OK  [0m] Listening on Open-iSCSI iscsid Socket.
[[0;32m  OK  [0m] Started Daily Cleanup of Temporary Directories.
[[0;32m  OK  [0m] Reached target Timers.
[[0;32m  OK  [0m] Reached target Network is Online.
[   13.728129] cloud-init[1000]: SHA256:5sOquhikMljCMhVqCN4di5btPQPmbXoQsrhS7I+55ak root@ubuntu-bionic
[   13.918216] cloud-init[1000]: The key's randomart image is:
[   13.918665] cloud-init[1000]: +--[ED25519 256]--+
         Starting Availability of block devices...
[   13.932414] [[0;32m  OK  [0m] Reached target Remote File Systems (Pre).
[[0;32m  OK  [0m] Reached target Remote File Systems.
[[0;32m  OK  [0m] Reached target Cloud-config availability.
cloud-init[1000]: |. .  .           |
[[0;32m  OK  [0m] Listening on LXD - unix socket.
[[0;32m  OK  [0m] Listening on Socket activation for snappy daemon.
[   13.947939] cloud-init[1000]: |+...= o          |
[   13.957107] [cloud-init[0;32m  OK  [0m[1000]: ] |oo.* B           |Started Availability of block devices.

[[0;32m  OK  [0m] Reached target Sockets.
[[0;32m  OK  [0m] Reached target Basic System.
[[0;32m  OK  [0m] Reached target Login Prompts (Pre).
[   13.969192] cloud-init[1000]: |ooo * =          |
[   13.993069] cloud-init[1000]: |+++. + *S        |
[   14.004513] cloud-init[1000]: |=*.   ++o        |
[   14.005531] cloud-init[1000]: |B.. .. .+        |
[   14.016739] cloud-init[1000]: |o+ * ... .       |
[   14.017838] cloud-init[1000]: |. E==..          |
[   14.018544] cloud-init[1000]: +----[SHA256]-----+
         Starting Snap Daemon...
         Starting LSB: automatic crash report generation...
[[0;32m  OK  [0m] Started FUSE filesystem for LXC.
         Starting Permit User Sessions...
         Starting System Logging Service...
         Starting Virtualbox guest utils...
         Starting Dispatcher daemon for systemd-networkd...
         Starting Login Service...
         Starting Accounts Service...
         Starting Pollinate to seed the pseudo random number generator...
         Starting LSB: Record successful boot for GRUB...
[[0;32m  OK  [0m] Started irqbalance daemon.
[[0;32m  OK  [0m] Started Deferred execution scheduler.
[[0;32m  OK  [0m] Started D-Bus System Message Bus.
[[0;32m  OK  [0m] Started Login Service.
[[0;32m  OK  [0m] Started Unattended Upgrades Shutdown.
[[0;32m  OK  [0m] Started Regular background program processing daemon.
         Starting LXD - container startup/shutdown...
[[0;32m  OK  [0m] Started System Logging Service.
[[0;32m  OK  [0m] Started Permit User Sessions.
         Starting Authorization Manager...
         Starting Terminate Plymouth Boot Screen...
         Starting Hold until boot process finishes up...
[[0;32m  OK  [0m] Started Hold until boot process finishes up.
         Starting Set console scheme...
[[0;32m  OK  [0m] Started Serial Getty on ttyS0.
[[0;32m  OK  [0m] Started Terminate Plymouth Boot Screen.
[[0;32m  OK  [0m] Started LSB: automatic crash report generation.
[[0;32m  OK  [0m] Started Authorization Manager.
[[0;32m  OK  [0m] Started Accounts Service.
[[0;32m  OK  [0m] Started Set console scheme.
[[0;32m  OK  [0m] Created slice system-getty.slice.
[[0;32m  OK  [0m] Started Getty on tty1.
[[0;32m  OK  [0m] Reached target Login Prompts.
[[0;32m  OK  [0m] Started LSB: Record successful boot for GRUB.
[[0;32m  OK  [0m] Started Virtualbox guest utils.
[[0;32m  OK  [0m] Started LXD - container startup/shutdown.
[[0;32m  OK  [0m] Started Dispatcher daemon for systemd-networkd.
[[0;32m  OK  [0m] Started Snap Daemon.
         Starting Wait until snapd is fully seeded...
[[0;32m  OK  [0m] Started Pollinate to seed the pseudo random number generator.
         Starting OpenBSD Secure Shell server...
[[0;32m  OK  [0m] Started OpenBSD Secure Shell server.
[[0;32m  OK  [0m] Created slice User Slice of vagrant.
         Starting User Manager for UID 1000...
[[0;32m  OK  [0m] Started Session 1 of user vagrant.
         Starting Time & Date Service...
[[0;32m  OK  [0m] Started User Manager for UID 1000.
[[0;32m  OK  [0m] Started Time & Date Service.
[[0;32m  OK  [0m] Started Wait until snapd is fully seeded.
         Starting Apply the settings specified in cloud-config...
[   20.309171] cloud-init[1764]: Cloud-init v. 23.1.2-0ubuntu0~18.04.1 running 'modules:config' at Sat, 13 Jul 2024 21:13:19 +0000. Up 19.76 seconds.

Ubuntu 18.04.6 LTS ubuntu-bionic ttyS0

ubuntu-bionic login: ci-info: no authorized SSH keys fingerprints found for user ubuntu.
<14>Jul 13 21:13:20 cloud-init: #############################################################
<14>Jul 13 21:13:20 cloud-init: -----BEGIN SSH HOST KEY FINGERPRINTS-----
<14>Jul 13 21:13:20 cloud-init: 1024 SHA256:5ROXhHNIElSY36fIdzz7ls++vQbpyUKOYYf3nTcJu+M root@ubuntu-bionic (DSA)
<14>Jul 13 21:13:20 cloud-init: 256 SHA256:E5bskOXtbFUdFTBg44ErAn0N7C+fCa0W3Krd4HnqwEQ root@ubuntu-bionic (ECDSA)
<14>Jul 13 21:13:20 cloud-init: 256 SHA256:5sOquhikMljCMhVqCN4di5btPQPmbXoQsrhS7I+55ak root@ubuntu-bionic (ED25519)
<14>Jul 13 21:13:20 cloud-init: 2048 SHA256:w5xpHZc0do2Rlys0GrGup7yezw2YAOnO6yDVFwAYCPs root@ubuntu-bionic (RSA)
<14>Jul 13 21:13:20 cloud-init: -----END SSH HOST KEY FINGERPRINTS-----
<14>Jul 13 21:13:20 cloud-init: #############################################################
-----BEGIN SSH HOST KEY KEYS-----
ecdsa-sha2-nistp256 AAAAE2VjZHNhLXNoYTItbmlzdHAyNTYAAAAIbmlzdHAyNTYAAABBBAuuqVqt49wX0Su81POyi/5sQ/J4W6mjDrhFanLddpz2gTqfowvm+5Ri+nToMo1aq+ndLP0FbOfhLVODVgS2lNU= root@ubuntu-bionic
ssh-ed25519 AAAAC3NzaC1lZDI1NTE5AAAAIKzTMWtrnYn/aIC5AyP4IdJZYYnk1NFfbTvCWPxTzuwt root@ubuntu-bionic
ssh-rsa AAAAB3NzaC1yc2EAAAADAQABAAABAQCoiDcxab62UMorjUYXMhUwdESb7YxCq5Ae5v51G13+4TwCTW3u/Qcuj7gWbOQinP86ebdMfd+egp6lBw5XhLwrdHrENbfFmwDp9jq5vO/iNFcIRW6VVsBQn039v104gDJ+tROJR6yVtdGdSfx6N0tTmLiXwO0WbnMJqxTCqFpU+mPytK58+l+9TYPPnJI4CyQsUyGrTsjydb7fCZhFfGFBmW25MevzHeI0AGpL5MEtS4qZICP1F7lS66DaWAECjpSgi7JwAqFbU/rIbzD7fd+HaoFieC66aDudR6D68CrZ4bxMGrMwtkT1vThTn8bKkdwSwe6WoyVkBIrZGEXNN8sp root@ubuntu-bionic
-----END SSH HOST KEY KEYS-----
[   21.303662] cloud-init[1940]: Cloud-init v. 23.1.2-0ubuntu0~18.04.1 running 'modules:final' at Sat, 13 Jul 2024 21:13:20 +0000. Up 21.04 seconds.
[   21.303754] cloud-init[1940]: Cloud-init v. 23.1.2-0ubuntu0~18.04.1 finished at Sat, 13 Jul 2024 21:13:20 +0000. Datasource DataSourceNoCloud [seed=/dev/sdb][dsmode=net].  Up 21.29 seconds
